<?xml version="1.0" encoding="UTF-8"?>
<coverage generated="1642783417226" clover="3.2.0">
  <project timestamp="1642783417226" name="All files">
    <metrics statements="6" coveredstatements="0" conditionals="0" coveredconditionals="0" methods="2" coveredmethods="0" elements="8" coveredelements="0" complexity="0" loc="6" ncloc="6" packages="1" files="2" classes="2"/>
    <file name="index.js" path="/home/andrelino/www/bootcamp/ignite/react-native/gofinances/index.js">
      <metrics statements="1" coveredstatements="0" conditionals="0" coveredconditionals="0" methods="0" coveredmethods="0"/>
      <line num="9" count="0" type="stmt"/>
    </file>
    <file name="metro.config.js" path="/home/andrelino/www/bootcamp/ignite/react-native/gofinances/metro.config.js">
      <metrics statements="5" coveredstatements="0" conditionals="0" coveredconditionals="0" methods="2" coveredmethods="0"/>
      <line num="1" count="0" type="stmt"/>
      <line num="3" count="0" type="stmt"/>
      <line num="6" count="0" type="stmt"/>
      <line num="7" count="0" type="stmt"/>
      <line num="16" count="0" type="stmt"/>
    </file>
  </project>
</coverage>
